<?xml version="1.0" encoding="UTF-8"?>
<!-- Generated by org.testng.reporters.JUnitReportReporter -->
<testsuite hostname="DESKTOP-6DKNH69" failures="0" tests="2" name="StepDefinations.failedrerun" time="18.455" errors="0" timestamp="2025-07-23T09:52:46 IST" skipped="0">
  <testcase classname="StepDefinations.failedrerun" name="runScenario" time="8.336"/>
  <system-out/>
  <testcase classname="StepDefinations.failedrerun" name="runScenario" time="10.119"/>
  <system-out/>
</testsuite> <!-- StepDefinations.failedrerun -->
