<?xml version="1.0" encoding="UTF-8"?>
<!-- Generated by org.testng.reporters.JUnitReportReporter -->
<testsuite hostname="DESKTOP-6DKNH69" failures="0" tests="2" name="T1.C1" time="1.871" errors="0" timestamp="2025-07-21T09:36:05 IST" skipped="0">
  <testcase classname="T1.C1" name="Test2" time="0.131"/>
  <system-out/>
  <testcase classname="T1.C1" name="Test1" time="1.740"/>
  <system-out/>
</testsuite> <!-- T1.C1 -->
